<?xml version="1.0" encoding="UTF-8"?>
<!-- Generated by org.testng.reporters.JUnitReportReporter -->
<testsuite hostname="DESKTOP-PL6B9Q4" failures="0" tests="2" name="icandoitwebsite.mavenjavaexample.RESTAPITest" time="0.002" errors="0" timestamp="2022-05-28T18:47:37 EDT" skipped="0">
  <testcase classname="icandoitwebsite.mavenjavaexample.RESTAPITest" name="deleteTwitter" time="0.001"/>
  <system-out/>
  <testcase classname="icandoitwebsite.mavenjavaexample.RESTAPITest" name="postJira" time="0.001"/>
  <system-out/>
</testsuite> <!-- icandoitwebsite.mavenjavaexample.RESTAPITest -->
