<?xml version="1.0" encoding="UTF-8"?>
<!-- Generated by org.testng.reporters.JUnitReportReporter -->
<testsuite hostname="DESKTOP-PL6B9Q4" failures="0" tests="2" name="icandoitwebsite.mavenjavaexample.AppiumTest" time="0.001" errors="0" timestamp="2022-05-28T18:49:06 EDT" skipped="0">
  <testcase classname="icandoitwebsite.mavenjavaexample.AppiumTest" name="nativeAppAndroid" time="0.000"/>
  <system-out/>
  <testcase classname="icandoitwebsite.mavenjavaexample.AppiumTest" name="iosApps" time="0.001"/>
  <system-out/>
</testsuite> <!-- icandoitwebsite.mavenjavaexample.AppiumTest -->
